Using pre-set license
Built from '2020.2/release' branch; Version is '2020.2.0f1 (3721df5a8b28) revision 3613151'; Using compiler version '192528614'; Build Type 'Release'
OS: 'Windows 10  (10.0.0) 64bit' Language: 'en' Physical Memory: 16338 MB
BatchMode: 1, IsHumanControllingUs: 0, StartBugReporterOnCrash: 0, Is64bit: 1, IsPro: 0

 COMMAND LINE ARGUMENTS:
D:\1Julian\Unity\2020.2.0f1\Editor\Unity.exe
-adb2
-batchMode
-noUpm
-name
AssetImportWorker0
-projectPath
D:/1Julian/dev/Physics/PhysicsEngine_A2
-logFile
Logs/AssetImportWorker0.log
-srvPort
51692
Successfully changed project path to: D:/1Julian/dev/Physics/PhysicsEngine_A2
D:/1Julian/dev/Physics/PhysicsEngine_A2
Using Asset Import Pipeline V2.
Refreshing native plugins compatible for Editor in 30.33 ms, found 0 plugins.
Preloading 0 native plugins for Editor in 0.00 ms.
Initialize engine version: 2020.2.0f1 (3721df5a8b28)
[Subsystems] Discovering subsystems at path D:/1Julian/Unity/2020.2.0f1/Editor/Data/Resources/UnitySubsystems
[Subsystems] Discovering subsystems at path D:/1Julian/dev/Physics/PhysicsEngine_A2/Assets
GfxDevice: creating device client; threaded=0
Direct3D:
    Version:  Direct3D 11.0 [level 11.1]
    Renderer: Radeon RX 570 Series (ID=0x67df)
    Vendor:   
    VRAM:     4075 MB
    Driver:   27.20.14533.1000
Initialize mono
Mono path[0] = 'D:/1Julian/Unity/2020.2.0f1/Editor/Data/Managed'
Mono path[1] = 'D:/1Julian/Unity/2020.2.0f1/Editor/Data/MonoBleedingEdge/lib/mono/unityjit'
Mono config path = 'D:/1Julian/Unity/2020.2.0f1/Editor/Data/MonoBleedingEdge/etc'
Using monoOptions --debugger-agent=transport=dt_socket,embedding=1,server=y,suspend=n,address=127.0.0.1:56468
Begin MonoManager ReloadAssembly
Registering precompiled unity dll's ...
Register platform support module: D:/1Julian/Unity/2020.2.0f1/Editor/Data/PlaybackEngines/WindowsStandaloneSupport/UnityEditor.WindowsStandalone.Extensions.dll
Registered in 0.002710 seconds.
Native extension for WindowsStandalone target not found
Refreshing native plugins compatible for Editor in 28.97 ms, found 0 plugins.
Preloading 0 native plugins for Editor in 0.00 ms.
Invoked RoslynAnalysisRunner static constructor.
RoslynAnalysisRunner will not be running.
RoslynAnalysisRunner has terminated.
Mono: successfully reloaded assembly
- Completed reload, in  2.284 seconds
Platform modules already initialized, skipping
Registering precompiled user dll's ...
Registered in 0.001426 seconds.
Begin MonoManager ReloadAssembly
Native extension for WindowsStandalone target not found
Refreshing native plugins compatible for Editor in 0.25 ms, found 0 plugins.
Preloading 0 native plugins for Editor in 0.00 ms.
Invoked RoslynAnalysisRunner static constructor.
RoslynAnalysisRunner will not be running.
RoslynAnalysisRunner has terminated.
Mono: successfully reloaded assembly
- Completed reload, in  1.155 seconds
Platform modules already initialized, skipping
========================================================================
Worker process is ready to serve import requests
Launched and connected shader compiler UnityShaderCompiler.exe after 0.06 seconds
Refreshing native plugins compatible for Editor in 0.25 ms, found 0 plugins.
Preloading 0 native plugins for Editor in 0.00 ms.
Unloading 1096 Unused Serialized files (Serialized files now loaded: 0)
System memory in use before: 56.4 MB.
System memory in use after: 56.5 MB.

Unloading 10 unused Assets to reduce memory usage. Loaded Objects now: 1537.
Total: 2.087000 ms (FindLiveObjects: 0.247300 ms CreateObjectMapping: 0.117800 ms MarkObjects: 1.649900 ms  DeleteObjects: 0.070900 ms)

========================================================================
Received Import Request.
  path: Assets/Materials/Brown.mat
  artifactKey: Guid(50501d67fdee19d4a890f96a1410679a) Importer(815301076,1909f56bfc062723c751e8b465ee728b)
Start importing Assets/Materials/Brown.mat using Guid(50501d67fdee19d4a890f96a1410679a) Importer(815301076,1909f56bfc062723c751e8b465ee728b)  -> (artifact id: 'e97964f441c10ea5232cd4c3562e595e') in 0.234764 seconds
  Import took 0.237315 seconds .

========================================================================
Received Import Request.
  Time since last request: 0.000383 seconds.
  path: Assets/Materials/Sphere.mat
  artifactKey: Guid(736e6c7e290fd16499eaeaffbf27bbad) Importer(815301076,1909f56bfc062723c751e8b465ee728b)
Start importing Assets/Materials/Sphere.mat using Guid(736e6c7e290fd16499eaeaffbf27bbad) Importer(815301076,1909f56bfc062723c751e8b465ee728b)  -> (artifact id: '269633edc58dc146cfff6dcacb87c4e8') in 0.050120 seconds
  Import took 0.052547 seconds .

========================================================================
Received Import Request.
  Time since last request: 0.000400 seconds.
  path: Assets/Materials/Ground.mat
  artifactKey: Guid(f2d5c1a82e5408942bb965ff5e4df417) Importer(815301076,1909f56bfc062723c751e8b465ee728b)
Start importing Assets/Materials/Ground.mat using Guid(f2d5c1a82e5408942bb965ff5e4df417) Importer(815301076,1909f56bfc062723c751e8b465ee728b)  -> (artifact id: '1e72abb4253c479bfa1c07a3ef31ffd0') in 0.014869 seconds
  Import took 0.017161 seconds .

========================================================================
Received Import Request.
  Time since last request: 0.000495 seconds.
  path: Assets/Materials/BordersInGame.mat
  artifactKey: Guid(b9a773dc8cebadb498a14e3cc1c536af) Importer(815301076,1909f56bfc062723c751e8b465ee728b)
Start importing Assets/Materials/BordersInGame.mat using Guid(b9a773dc8cebadb498a14e3cc1c536af) Importer(815301076,1909f56bfc062723c751e8b465ee728b)  -> (artifact id: '6f2f74ae883ccca1f7220d52de167d95') in 0.015394 seconds
  Import took 0.017751 seconds .

========================================================================
Received Import Request.
  Time since last request: 13.153690 seconds.
  path: Assets/Materials/BlackBrown.mat
  artifactKey: Guid(34604e3c6c79c414a81cfd3fb827be08) Importer(815301076,1909f56bfc062723c751e8b465ee728b)
Start importing Assets/Materials/BlackBrown.mat using Guid(34604e3c6c79c414a81cfd3fb827be08) Importer(815301076,1909f56bfc062723c751e8b465ee728b)  -> (artifact id: '9469aa5de736604b99eeb73ab32fdb93') in 0.016219 seconds
  Import took 0.019286 seconds .

========================================================================
Received Import Request.
  Time since last request: 284.192103 seconds.
  path: Assets/Materials/LightBlack.mat
  artifactKey: Guid(f1f5aa6994370f446a5c8bf5dcbd655e) Importer(815301076,1909f56bfc062723c751e8b465ee728b)
Start importing Assets/Materials/LightBlack.mat using Guid(f1f5aa6994370f446a5c8bf5dcbd655e) Importer(815301076,1909f56bfc062723c751e8b465ee728b)  -> (artifact id: 'a4a0a6a45ee0321789d2763e64c0cc7f') in 0.015149 seconds
  Import took 0.017897 seconds .

========================================================================
Received Import Request.
  Time since last request: 219.128531 seconds.
  path: Assets/Materials/InsertCoin.mat
  artifactKey: Guid(aed77b4f558deb345abdc7bada26b82f) Importer(815301076,1909f56bfc062723c751e8b465ee728b)
Start importing Assets/Materials/InsertCoin.mat using Guid(aed77b4f558deb345abdc7bada26b82f) Importer(815301076,1909f56bfc062723c751e8b465ee728b)  -> (artifact id: 'fb3f8024530ee2b1aaaf7ef9c284749d') in 0.015088 seconds
  Import took 0.017815 seconds .

========================================================================
Received Prepare
Registering precompiled user dll's ...
Registered in 0.001762 seconds.
Begin MonoManager ReloadAssembly
Native extension for WindowsStandalone target not found
Refreshing native plugins compatible for Editor in 0.26 ms, found 0 plugins.
Preloading 0 native plugins for Editor in 0.00 ms.
Invoked RoslynAnalysisRunner static constructor.
RoslynAnalysisRunner will not be running.
RoslynAnalysisRunner has terminated.
Mono: successfully reloaded assembly
- Completed reload, in  1.083 seconds
Platform modules already initialized, skipping
Refreshing native plugins compatible for Editor in 0.25 ms, found 0 plugins.
Preloading 0 native plugins for Editor in 0.00 ms.
Unloading 1091 Unused Serialized files (Serialized files now loaded: 0)
System memory in use before: 59.8 MB.
System memory in use after: 59.9 MB.

Unloading 5 unused Assets to reduce memory usage. Loaded Objects now: 1579.
Total: 2.074700 ms (FindLiveObjects: 0.185500 ms CreateObjectMapping: 0.064900 ms MarkObjects: 1.761000 ms  DeleteObjects: 0.061900 ms)

========================================================================
Received Import Request.
  Time since last request: 622.304177 seconds.
  path: Assets/Materials/Black.mat
  artifactKey: Guid(9e1440fceb94afd4fb8109696c8774ac) Importer(815301076,1909f56bfc062723c751e8b465ee728b)
Start importing Assets/Materials/Black.mat using Guid(9e1440fceb94afd4fb8109696c8774ac) Importer(815301076,1909f56bfc062723c751e8b465ee728b)  -> (artifact id: '3200b3a0ebd9d99b9e21b4d0a1ab5b5b') in 0.078250 seconds
  Import took 0.080829 seconds .

========================================================================
Received Import Request.
  Time since last request: 86.243360 seconds.
  path: Assets/Materials/Black.mat
  artifactKey: Guid(9e1440fceb94afd4fb8109696c8774ac) Importer(815301076,1909f56bfc062723c751e8b465ee728b)
Start importing Assets/Materials/Black.mat using Guid(9e1440fceb94afd4fb8109696c8774ac) Importer(815301076,1909f56bfc062723c751e8b465ee728b)  -> (artifact id: '5fd3e1967385337699d4f579f10dde4c') in 0.019597 seconds
  Import took 0.022381 seconds .

========================================================================
Received Import Request.
  Time since last request: 0.000363 seconds.
  path: Assets/Materials/LightBlack.mat
  artifactKey: Guid(f1f5aa6994370f446a5c8bf5dcbd655e) Importer(815301076,1909f56bfc062723c751e8b465ee728b)
Start importing Assets/Materials/LightBlack.mat using Guid(f1f5aa6994370f446a5c8bf5dcbd655e) Importer(815301076,1909f56bfc062723c751e8b465ee728b)  -> (artifact id: '59e9988f9fad325d9f8f96f8134d64f7') in 0.014536 seconds
  Import took 0.031608 seconds .

========================================================================
Received Import Request.
  Time since last request: 0.000353 seconds.
  path: Assets/Materials/BlackBrown.mat
  artifactKey: Guid(34604e3c6c79c414a81cfd3fb827be08) Importer(815301076,1909f56bfc062723c751e8b465ee728b)
Start importing Assets/Materials/BlackBrown.mat using Guid(34604e3c6c79c414a81cfd3fb827be08) Importer(815301076,1909f56bfc062723c751e8b465ee728b)  -> (artifact id: 'b4b1c588c0292175dd97c27dbf05a2e1') in 0.016699 seconds
  Import took 0.018998 seconds .

========================================================================
Received Import Request.
  Time since last request: 0.000354 seconds.
  path: Assets/Materials/InsertCoin.mat
  artifactKey: Guid(aed77b4f558deb345abdc7bada26b82f) Importer(815301076,1909f56bfc062723c751e8b465ee728b)
Start importing Assets/Materials/InsertCoin.mat using Guid(aed77b4f558deb345abdc7bada26b82f) Importer(815301076,1909f56bfc062723c751e8b465ee728b)  -> (artifact id: '4837add75739af6da76f936011b7a8c6') in 0.019149 seconds
  Import took 0.021319 seconds .

========================================================================
Received Import Request.
  Time since last request: 248.205728 seconds.
  path: Assets/Scripts/Plunger.cs
  artifactKey: Guid(b224e1bad5e330145a3972ab0a3a59c8) Importer(815301076,1909f56bfc062723c751e8b465ee728b)
Start importing Assets/Scripts/Plunger.cs using Guid(b224e1bad5e330145a3972ab0a3a59c8) Importer(815301076,1909f56bfc062723c751e8b465ee728b)  -> (artifact id: '5716b0ab3588a51c20cf1f8ab69cf623') in 0.023683 seconds
  Import took 0.047339 seconds .

========================================================================
Received Prepare
Registering precompiled user dll's ...
Registered in 0.001479 seconds.
Begin MonoManager ReloadAssembly
Native extension for WindowsStandalone target not found
Refreshing native plugins compatible for Editor in 0.26 ms, found 0 plugins.
Preloading 0 native plugins for Editor in 0.00 ms.
Invoked RoslynAnalysisRunner static constructor.
RoslynAnalysisRunner will not be running.
RoslynAnalysisRunner has terminated.
Mono: successfully reloaded assembly
- Completed reload, in  1.077 seconds
Platform modules already initialized, skipping
Refreshing native plugins compatible for Editor in 0.26 ms, found 0 plugins.
Preloading 0 native plugins for Editor in 0.00 ms.
Unloading 1104 Unused Serialized files (Serialized files now loaded: 0)
System memory in use before: 61.7 MB.
System memory in use after: 61.2 MB.

Unloading 18 unused Assets to reduce memory usage. Loaded Objects now: 1582.
Total: 2.440400 ms (FindLiveObjects: 0.313200 ms CreateObjectMapping: 0.125600 ms MarkObjects: 1.650900 ms  DeleteObjects: 0.349100 ms)

========================================================================
Received Import Request.
  Time since last request: 195.335945 seconds.
  path: Assets/Scripts/Plunger.cs
  artifactKey: Guid(b224e1bad5e330145a3972ab0a3a59c8) Importer(815301076,1909f56bfc062723c751e8b465ee728b)
Start importing Assets/Scripts/Plunger.cs using Guid(b224e1bad5e330145a3972ab0a3a59c8) Importer(815301076,1909f56bfc062723c751e8b465ee728b)  -> (artifact id: 'ad54e757c83af54b7161c6c0840181ec') in 0.006986 seconds
  Import took 0.010200 seconds .

========================================================================
Received Prepare
Registering precompiled user dll's ...
Registered in 0.001606 seconds.
Begin MonoManager ReloadAssembly
Native extension for WindowsStandalone target not found
Refreshing native plugins compatible for Editor in 0.27 ms, found 0 plugins.
Preloading 0 native plugins for Editor in 0.00 ms.
Invoked RoslynAnalysisRunner static constructor.
RoslynAnalysisRunner will not be running.
RoslynAnalysisRunner has terminated.
Mono: successfully reloaded assembly
- Completed reload, in  1.107 seconds
Platform modules already initialized, skipping
Refreshing native plugins compatible for Editor in 0.25 ms, found 0 plugins.
Preloading 0 native plugins for Editor in 0.00 ms.
Unloading 1104 Unused Serialized files (Serialized files now loaded: 0)
System memory in use before: 61.8 MB.
System memory in use after: 61.3 MB.

Unloading 18 unused Assets to reduce memory usage. Loaded Objects now: 1584.
Total: 2.373200 ms (FindLiveObjects: 0.239300 ms CreateObjectMapping: 0.083300 ms MarkObjects: 1.686000 ms  DeleteObjects: 0.363300 ms)

========================================================================
Received Prepare
Registering precompiled user dll's ...
Registered in 0.002245 seconds.
Begin MonoManager ReloadAssembly
Native extension for WindowsStandalone target not found
Refreshing native plugins compatible for Editor in 0.28 ms, found 0 plugins.
Preloading 0 native plugins for Editor in 0.00 ms.
Invoked RoslynAnalysisRunner static constructor.
RoslynAnalysisRunner will not be running.
RoslynAnalysisRunner has terminated.
Mono: successfully reloaded assembly
- Completed reload, in  1.206 seconds
Platform modules already initialized, skipping
Refreshing native plugins compatible for Editor in 0.26 ms, found 0 plugins.
Preloading 0 native plugins for Editor in 0.00 ms.
Unloading 1104 Unused Serialized files (Serialized files now loaded: 0)
System memory in use before: 62.0 MB.
System memory in use after: 61.5 MB.

Unloading 18 unused Assets to reduce memory usage. Loaded Objects now: 1586.
Total: 2.926900 ms (FindLiveObjects: 0.348900 ms CreateObjectMapping: 0.111300 ms MarkObjects: 2.065000 ms  DeleteObjects: 0.399000 ms)

========================================================================
Received Prepare
Registering precompiled user dll's ...
Registered in 0.001437 seconds.
Begin MonoManager ReloadAssembly
Native extension for WindowsStandalone target not found
Refreshing native plugins compatible for Editor in 0.25 ms, found 0 plugins.
Preloading 0 native plugins for Editor in 0.00 ms.
Invoked RoslynAnalysisRunner static constructor.
RoslynAnalysisRunner will not be running.
RoslynAnalysisRunner has terminated.
Mono: successfully reloaded assembly
- Completed reload, in  1.056 seconds
Platform modules already initialized, skipping
Refreshing native plugins compatible for Editor in 0.25 ms, found 0 plugins.
Preloading 0 native plugins for Editor in 0.00 ms.
Unloading 1104 Unused Serialized files (Serialized files now loaded: 0)
System memory in use before: 62.1 MB.
System memory in use after: 61.6 MB.

Unloading 18 unused Assets to reduce memory usage. Loaded Objects now: 1588.
Total: 2.061600 ms (FindLiveObjects: 0.190500 ms CreateObjectMapping: 0.043500 ms MarkObjects: 1.456200 ms  DeleteObjects: 0.369700 ms)

========================================================================
Received Prepare
Registering precompiled user dll's ...
Registered in 0.002862 seconds.
Begin MonoManager ReloadAssembly
Native extension for WindowsStandalone target not found
Refreshing native plugins compatible for Editor in 0.27 ms, found 0 plugins.
Preloading 0 native plugins for Editor in 0.00 ms.
Invoked RoslynAnalysisRunner static constructor.
RoslynAnalysisRunner will not be running.
RoslynAnalysisRunner has terminated.
Mono: successfully reloaded assembly
- Completed reload, in  1.201 seconds
Platform modules already initialized, skipping
Refreshing native plugins compatible for Editor in 0.29 ms, found 0 plugins.
Preloading 0 native plugins for Editor in 0.00 ms.
Unloading 1104 Unused Serialized files (Serialized files now loaded: 0)
System memory in use before: 62.3 MB.
System memory in use after: 61.8 MB.

Unloading 18 unused Assets to reduce memory usage. Loaded Objects now: 1590.
Total: 2.696100 ms (FindLiveObjects: 0.354600 ms CreateObjectMapping: 0.115600 ms MarkObjects: 1.786900 ms  DeleteObjects: 0.435800 ms)

========================================================================
Received Prepare
Registering precompiled user dll's ...
Registered in 0.002385 seconds.
Begin MonoManager ReloadAssembly
Native extension for WindowsStandalone target not found
Refreshing native plugins compatible for Editor in 0.27 ms, found 0 plugins.
Preloading 0 native plugins for Editor in 0.00 ms.
Invoked RoslynAnalysisRunner static constructor.
RoslynAnalysisRunner will not be running.
RoslynAnalysisRunner has terminated.
Mono: successfully reloaded assembly
- Completed reload, in  1.141 seconds
Platform modules already initialized, skipping
Refreshing native plugins compatible for Editor in 0.33 ms, found 0 plugins.
Preloading 0 native plugins for Editor in 0.00 ms.
Unloading 1104 Unused Serialized files (Serialized files now loaded: 0)
System memory in use before: 62.3 MB.
System memory in use after: 61.8 MB.

Unloading 18 unused Assets to reduce memory usage. Loaded Objects now: 1592.
Total: 2.364200 ms (FindLiveObjects: 0.289500 ms CreateObjectMapping: 0.060500 ms MarkObjects: 1.647500 ms  DeleteObjects: 0.365100 ms)

========================================================================
Received Prepare
Registering precompiled user dll's ...
Registered in 0.001720 seconds.
Begin MonoManager ReloadAssembly
Native extension for WindowsStandalone target not found
Refreshing native plugins compatible for Editor in 0.26 ms, found 0 plugins.
Preloading 0 native plugins for Editor in 0.00 ms.
Invoked RoslynAnalysisRunner static constructor.
RoslynAnalysisRunner will not be running.
RoslynAnalysisRunner has terminated.
Mono: successfully reloaded assembly
- Completed reload, in  1.173 seconds
Platform modules already initialized, skipping
Refreshing native plugins compatible for Editor in 0.27 ms, found 0 plugins.
Preloading 0 native plugins for Editor in 0.00 ms.
Unloading 1104 Unused Serialized files (Serialized files now loaded: 0)
System memory in use before: 62.6 MB.
System memory in use after: 62.1 MB.

Unloading 18 unused Assets to reduce memory usage. Loaded Objects now: 1594.
Total: 2.338500 ms (FindLiveObjects: 0.149100 ms CreateObjectMapping: 0.041700 ms MarkObjects: 1.762500 ms  DeleteObjects: 0.383600 ms)

========================================================================
Received Prepare
Registering precompiled user dll's ...
Registered in 0.001432 seconds.
Begin MonoManager ReloadAssembly
Native extension for WindowsStandalone target not found
Refreshing native plugins compatible for Editor in 0.30 ms, found 0 plugins.
Preloading 0 native plugins for Editor in 0.00 ms.
Invoked RoslynAnalysisRunner static constructor.
RoslynAnalysisRunner will not be running.
RoslynAnalysisRunner has terminated.
Mono: successfully reloaded assembly
- Completed reload, in  1.138 seconds
Platform modules already initialized, skipping
Refreshing native plugins compatible for Editor in 0.26 ms, found 0 plugins.
Preloading 0 native plugins for Editor in 0.00 ms.
Unloading 1104 Unused Serialized files (Serialized files now loaded: 0)
System memory in use before: 62.8 MB.
System memory in use after: 62.2 MB.

Unloading 18 unused Assets to reduce memory usage. Loaded Objects now: 1596.
Total: 2.140100 ms (FindLiveObjects: 0.175900 ms CreateObjectMapping: 0.042700 ms MarkObjects: 1.531400 ms  DeleteObjects: 0.388100 ms)

========================================================================
Received Prepare
Registering precompiled user dll's ...
Registered in 0.001450 seconds.
Begin MonoManager ReloadAssembly
Native extension for WindowsStandalone target not found
Refreshing native plugins compatible for Editor in 0.34 ms, found 0 plugins.
Preloading 0 native plugins for Editor in 0.00 ms.
Invoked RoslynAnalysisRunner static constructor.
RoslynAnalysisRunner will not be running.
RoslynAnalysisRunner has terminated.
Mono: successfully reloaded assembly
- Completed reload, in  1.190 seconds
Platform modules already initialized, skipping
Refreshing native plugins compatible for Editor in 0.29 ms, found 0 plugins.
Preloading 0 native plugins for Editor in 0.00 ms.
Unloading 1104 Unused Serialized files (Serialized files now loaded: 0)
System memory in use before: 62.9 MB.
System memory in use after: 62.4 MB.

Unloading 18 unused Assets to reduce memory usage. Loaded Objects now: 1598.
Total: 2.192500 ms (FindLiveObjects: 0.150000 ms CreateObjectMapping: 0.042300 ms MarkObjects: 1.604500 ms  DeleteObjects: 0.393400 ms)

========================================================================
Received Prepare
Registering precompiled user dll's ...
Registered in 0.001609 seconds.
Begin MonoManager ReloadAssembly
Native extension for WindowsStandalone target not found
Refreshing native plugins compatible for Editor in 0.46 ms, found 0 plugins.
Preloading 0 native plugins for Editor in 0.00 ms.
Invoked RoslynAnalysisRunner static constructor.
RoslynAnalysisRunner will not be running.
RoslynAnalysisRunner has terminated.
Mono: successfully reloaded assembly
- Completed reload, in  1.301 seconds
Platform modules already initialized, skipping
Refreshing native plugins compatible for Editor in 0.40 ms, found 0 plugins.
Preloading 0 native plugins for Editor in 0.00 ms.
Unloading 1104 Unused Serialized files (Serialized files now loaded: 0)
System memory in use before: 63.0 MB.
System memory in use after: 62.5 MB.

Unloading 18 unused Assets to reduce memory usage. Loaded Objects now: 1600.
Total: 2.697200 ms (FindLiveObjects: 0.197600 ms CreateObjectMapping: 0.098100 ms MarkObjects: 1.941100 ms  DeleteObjects: 0.458500 ms)

========================================================================
Received Prepare
Registering precompiled user dll's ...
Registered in 0.001671 seconds.
Begin MonoManager ReloadAssembly
Native extension for WindowsStandalone target not found
Refreshing native plugins compatible for Editor in 0.26 ms, found 0 plugins.
Preloading 0 native plugins for Editor in 0.00 ms.
Invoked RoslynAnalysisRunner static constructor.
RoslynAnalysisRunner will not be running.
RoslynAnalysisRunner has terminated.
Mono: successfully reloaded assembly
- Completed reload, in  1.244 seconds
Platform modules already initialized, skipping
Refreshing native plugins compatible for Editor in 0.37 ms, found 0 plugins.
Preloading 0 native plugins for Editor in 0.00 ms.
Unloading 1104 Unused Serialized files (Serialized files now loaded: 0)
System memory in use before: 63.2 MB.
System memory in use after: 62.7 MB.

Unloading 18 unused Assets to reduce memory usage. Loaded Objects now: 1602.
Total: 2.804900 ms (FindLiveObjects: 0.348600 ms CreateObjectMapping: 0.123800 ms MarkObjects: 1.926700 ms  DeleteObjects: 0.403600 ms)

========================================================================
Received Prepare
Registering precompiled user dll's ...
Registered in 0.001319 seconds.
Begin MonoManager ReloadAssembly
Native extension for WindowsStandalone target not found
Refreshing native plugins compatible for Editor in 0.31 ms, found 0 plugins.
Preloading 0 native plugins for Editor in 0.00 ms.
Invoked RoslynAnalysisRunner static constructor.
RoslynAnalysisRunner will not be running.
RoslynAnalysisRunner has terminated.
Mono: successfully reloaded assembly
- Completed reload, in  1.256 seconds
Platform modules already initialized, skipping
Refreshing native plugins compatible for Editor in 0.27 ms, found 0 plugins.
Preloading 0 native plugins for Editor in 0.00 ms.
Unloading 1104 Unused Serialized files (Serialized files now loaded: 0)
System memory in use before: 63.3 MB.
System memory in use after: 62.8 MB.

Unloading 18 unused Assets to reduce memory usage. Loaded Objects now: 1604.
Total: 2.612500 ms (FindLiveObjects: 0.316500 ms CreateObjectMapping: 0.077000 ms MarkObjects: 1.753900 ms  DeleteObjects: 0.462800 ms)

========================================================================
Received Prepare
Registering precompiled user dll's ...
Registered in 0.001422 seconds.
Begin MonoManager ReloadAssembly
Native extension for WindowsStandalone target not found
Refreshing native plugins compatible for Editor in 0.27 ms, found 0 plugins.
Preloading 0 native plugins for Editor in 0.00 ms.
Invoked RoslynAnalysisRunner static constructor.
RoslynAnalysisRunner will not be running.
RoslynAnalysisRunner has terminated.
Mono: successfully reloaded assembly
- Completed reload, in  1.178 seconds
Platform modules already initialized, skipping
Refreshing native plugins compatible for Editor in 0.27 ms, found 0 plugins.
Preloading 0 native plugins for Editor in 0.00 ms.
Unloading 1104 Unused Serialized files (Serialized files now loaded: 0)
System memory in use before: 63.4 MB.
System memory in use after: 62.9 MB.

Unloading 18 unused Assets to reduce memory usage. Loaded Objects now: 1606.
Total: 2.588600 ms (FindLiveObjects: 0.225500 ms CreateObjectMapping: 0.125600 ms MarkObjects: 1.831100 ms  DeleteObjects: 0.404600 ms)

========================================================================
Received Prepare
Registering precompiled user dll's ...
Registered in 0.001530 seconds.
Begin MonoManager ReloadAssembly
Native extension for WindowsStandalone target not found
Refreshing native plugins compatible for Editor in 0.33 ms, found 0 plugins.
Preloading 0 native plugins for Editor in 0.00 ms.
Invoked RoslynAnalysisRunner static constructor.
RoslynAnalysisRunner will not be running.
RoslynAnalysisRunner has terminated.
Mono: successfully reloaded assembly
- Completed reload, in  1.115 seconds
Platform modules already initialized, skipping
Refreshing native plugins compatible for Editor in 0.27 ms, found 0 plugins.
Preloading 0 native plugins for Editor in 0.00 ms.
Unloading 1104 Unused Serialized files (Serialized files now loaded: 0)
System memory in use before: 62.6 MB.
System memory in use after: 62.1 MB.

Unloading 18 unused Assets to reduce memory usage. Loaded Objects now: 1608.
Total: 2.236900 ms (FindLiveObjects: 0.166900 ms CreateObjectMapping: 0.044000 ms MarkObjects: 1.594100 ms  DeleteObjects: 0.430000 ms)

========================================================================
Received Prepare
Registering precompiled user dll's ...
Registered in 0.001456 seconds.
Begin MonoManager ReloadAssembly
Native extension for WindowsStandalone target not found
Refreshing native plugins compatible for Editor in 0.25 ms, found 0 plugins.
Preloading 0 native plugins for Editor in 0.00 ms.
Invoked RoslynAnalysisRunner static constructor.
RoslynAnalysisRunner will not be running.
RoslynAnalysisRunner has terminated.
Mono: successfully reloaded assembly
- Completed reload, in  1.140 seconds
Platform modules already initialized, skipping
Refreshing native plugins compatible for Editor in 0.40 ms, found 0 plugins.
Preloading 0 native plugins for Editor in 0.00 ms.
Unloading 1104 Unused Serialized files (Serialized files now loaded: 0)
System memory in use before: 62.8 MB.
System memory in use after: 62.2 MB.

Unloading 18 unused Assets to reduce memory usage. Loaded Objects now: 1610.
Total: 2.107300 ms (FindLiveObjects: 0.175800 ms CreateObjectMapping: 0.057600 ms MarkObjects: 1.476400 ms  DeleteObjects: 0.395800 ms)

========================================================================
Received Prepare
Registering precompiled user dll's ...
Registered in 0.001430 seconds.
Begin MonoManager ReloadAssembly
Native extension for WindowsStandalone target not found
Refreshing native plugins compatible for Editor in 0.27 ms, found 0 plugins.
Preloading 0 native plugins for Editor in 0.00 ms.
Invoked RoslynAnalysisRunner static constructor.
RoslynAnalysisRunner will not be running.
RoslynAnalysisRunner has terminated.
Mono: successfully reloaded assembly
- Completed reload, in  1.141 seconds
Platform modules already initialized, skipping
Refreshing native plugins compatible for Editor in 0.29 ms, found 0 plugins.
Preloading 0 native plugins for Editor in 0.00 ms.
Unloading 1104 Unused Serialized files (Serialized files now loaded: 0)
System memory in use before: 62.9 MB.
System memory in use after: 62.4 MB.

Unloading 18 unused Assets to reduce memory usage. Loaded Objects now: 1612.
Total: 2.198100 ms (FindLiveObjects: 0.173100 ms CreateObjectMapping: 0.051200 ms MarkObjects: 1.583000 ms  DeleteObjects: 0.389300 ms)

========================================================================
Received Import Request.
  Time since last request: 3128.865767 seconds.
  path: Assets/Materials/ciaran-o-brien-752246-unsplash.jpg
  artifactKey: Guid(09183dfd0f9ef3a4b9358ddb933aa2eb) Importer(815301076,1909f56bfc062723c751e8b465ee728b)
Start importing Assets/Materials/ciaran-o-brien-752246-unsplash.jpg using Guid(09183dfd0f9ef3a4b9358ddb933aa2eb) Importer(815301076,1909f56bfc062723c751e8b465ee728b)  -> (artifact id: '378773111850a2da620fb17065eb3cb7') in 0.138716 seconds
  Import took 0.142232 seconds .

========================================================================
Received Import Request.
  Time since last request: 8.497084 seconds.
  path: Assets/Materials/BackgroundStore.jpg
  artifactKey: Guid(09183dfd0f9ef3a4b9358ddb933aa2eb) Importer(815301076,1909f56bfc062723c751e8b465ee728b)
Start importing Assets/Materials/BackgroundStore.jpg using Guid(09183dfd0f9ef3a4b9358ddb933aa2eb) Importer(815301076,1909f56bfc062723c751e8b465ee728b)  -> (artifact id: '0103e426f4e97c988ea1855e70fab174') in 0.013034 seconds
  Import took 0.015659 seconds .

========================================================================
Received Import Request.
  Time since last request: 0.011396 seconds.
  path: Assets/Materials/BackgroundStore.jpg
  artifactKey: Guid(09183dfd0f9ef3a4b9358ddb933aa2eb) Importer(815301076,1909f56bfc062723c751e8b465ee728b)
Start importing Assets/Materials/BackgroundStore.jpg using Guid(09183dfd0f9ef3a4b9358ddb933aa2eb) Importer(815301076,1909f56bfc062723c751e8b465ee728b)  -> (artifact id: '0103e426f4e97c988ea1855e70fab174') in 0.014591 seconds
  Import took 0.017555 seconds .

========================================================================
Received Prepare
Registering precompiled user dll's ...
Registered in 0.001912 seconds.
Begin MonoManager ReloadAssembly
Native extension for WindowsStandalone target not found
Refreshing native plugins compatible for Editor in 0.33 ms, found 0 plugins.
Preloading 0 native plugins for Editor in 0.00 ms.
Invoked RoslynAnalysisRunner static constructor.
RoslynAnalysisRunner will not be running.
RoslynAnalysisRunner has terminated.
Mono: successfully reloaded assembly
- Completed reload, in  1.108 seconds
Platform modules already initialized, skipping
Refreshing native plugins compatible for Editor in 0.27 ms, found 0 plugins.
Preloading 0 native plugins for Editor in 0.00 ms.
Unloading 1104 Unused Serialized files (Serialized files now loaded: 0)
System memory in use before: 63.1 MB.
System memory in use after: 62.6 MB.

Unloading 18 unused Assets to reduce memory usage. Loaded Objects now: 1616.
Total: 2.657800 ms (FindLiveObjects: 0.361000 ms CreateObjectMapping: 0.085300 ms MarkObjects: 1.810800 ms  DeleteObjects: 0.399000 ms)

========================================================================
Received Prepare
Registering precompiled user dll's ...
Registered in 0.001631 seconds.
Begin MonoManager ReloadAssembly
Native extension for WindowsStandalone target not found
Refreshing native plugins compatible for Editor in 0.27 ms, found 0 plugins.
Preloading 0 native plugins for Editor in 0.00 ms.
Invoked RoslynAnalysisRunner static constructor.
RoslynAnalysisRunner will not be running.
RoslynAnalysisRunner has terminated.
Mono: successfully reloaded assembly
- Completed reload, in  1.113 seconds
Platform modules already initialized, skipping
Refreshing native plugins compatible for Editor in 0.26 ms, found 0 plugins.
Preloading 0 native plugins for Editor in 0.00 ms.
Unloading 1104 Unused Serialized files (Serialized files now loaded: 0)
System memory in use before: 63.2 MB.
System memory in use after: 62.7 MB.

Unloading 18 unused Assets to reduce memory usage. Loaded Objects now: 1618.
Total: 2.414600 ms (FindLiveObjects: 0.232100 ms CreateObjectMapping: 0.090800 ms MarkObjects: 1.676400 ms  DeleteObjects: 0.413600 ms)

========================================================================
Received Prepare
Registering precompiled user dll's ...
Registered in 0.001762 seconds.
Begin MonoManager ReloadAssembly
Native extension for WindowsStandalone target not found
Refreshing native plugins compatible for Editor in 0.27 ms, found 0 plugins.
Preloading 0 native plugins for Editor in 0.00 ms.
Invoked RoslynAnalysisRunner static constructor.
RoslynAnalysisRunner will not be running.
RoslynAnalysisRunner has terminated.
Mono: successfully reloaded assembly
- Completed reload, in  1.191 seconds
Platform modules already initialized, skipping
Refreshing native plugins compatible for Editor in 0.27 ms, found 0 plugins.
Preloading 0 native plugins for Editor in 0.00 ms.
Unloading 1104 Unused Serialized files (Serialized files now loaded: 0)
System memory in use before: 63.3 MB.
System memory in use after: 62.8 MB.

Unloading 18 unused Assets to reduce memory usage. Loaded Objects now: 1620.
Total: 3.248500 ms (FindLiveObjects: 0.409800 ms CreateObjectMapping: 0.145100 ms MarkObjects: 2.261200 ms  DeleteObjects: 0.429900 ms)

========================================================================
Received Import Request.
  Time since last request: 1674.489379 seconds.
  path: Assets/Materials/Materials
  artifactKey: Guid(8045d090485b7b74a971af72ebfa1c23) Importer(815301076,1909f56bfc062723c751e8b465ee728b)
Start importing Assets/Materials/Materials using Guid(8045d090485b7b74a971af72ebfa1c23) Importer(815301076,1909f56bfc062723c751e8b465ee728b)  -> (artifact id: '1e721ccf0e6b1546eb93a9cf8e3a2831') in 0.228331 seconds
  Import took 0.231960 seconds .

========================================================================
Received Import Request.
  Time since last request: 0.000442 seconds.
  path: Assets/Materials/Materials/BackgroundStore.mat
  artifactKey: Guid(951a8f0173b94e243b1b1fd9bca85119) Importer(815301076,1909f56bfc062723c751e8b465ee728b)
Start importing Assets/Materials/Materials/BackgroundStore.mat using Guid(951a8f0173b94e243b1b1fd9bca85119) Importer(815301076,1909f56bfc062723c751e8b465ee728b)  -> (artifact id: '609851d9f7bd89019ac1a33c0ecd52c8') in 0.097434 seconds
  Import took 0.100675 seconds .

========================================================================
Received Import Request.
  Time since last request: 261.100174 seconds.
  path: Assets/Materials/Passive.mat
  artifactKey: Guid(a458890a6b2803e41874bf24189fe3e1) Importer(815301076,1909f56bfc062723c751e8b465ee728b)
Start importing Assets/Materials/Passive.mat using Guid(a458890a6b2803e41874bf24189fe3e1) Importer(815301076,1909f56bfc062723c751e8b465ee728b)  -> (artifact id: 'b56d07c666c219b0b1ec62234b74dc48') in 0.017610 seconds
  Import took 0.020892 seconds .

========================================================================
Received Import Request.
  Time since last request: 6.249764 seconds.
  path: Assets/Materials/Active.mat
  artifactKey: Guid(ee799c915adaa544f8c9684cd668e00d) Importer(815301076,1909f56bfc062723c751e8b465ee728b)
Start importing Assets/Materials/Active.mat using Guid(ee799c915adaa544f8c9684cd668e00d) Importer(815301076,1909f56bfc062723c751e8b465ee728b)  -> (artifact id: '524fb804f0a9adb10fd874344d5eb58e') in 0.016499 seconds
  Import took 0.019763 seconds .

========================================================================
Received Import Request.
  Time since last request: 109.438200 seconds.
  path: Assets/Materials/Passive.mat
  artifactKey: Guid(a2201f321a035cd4ca50f9fe636781dd) Importer(815301076,1909f56bfc062723c751e8b465ee728b)
Start importing Assets/Materials/Passive.mat using Guid(a2201f321a035cd4ca50f9fe636781dd) Importer(815301076,1909f56bfc062723c751e8b465ee728b)  -> (artifact id: '35554aa63dfae3f4aa8788d01dfba757') in 0.019077 seconds
  Import took 0.021909 seconds .

========================================================================
Received Import Request.
  Time since last request: 6.156488 seconds.
  path: Assets/Materials/Active.mat
  artifactKey: Guid(21834faadb9ac3e438abbb579dc76718) Importer(815301076,1909f56bfc062723c751e8b465ee728b)
Start importing Assets/Materials/Active.mat using Guid(21834faadb9ac3e438abbb579dc76718) Importer(815301076,1909f56bfc062723c751e8b465ee728b)  -> (artifact id: '3dd81e76394c80102cdf6c9304b83f39') in 0.015770 seconds
  Import took 0.018944 seconds .

========================================================================
Received Prepare
Registering precompiled user dll's ...
Registered in 0.001467 seconds.
Begin MonoManager ReloadAssembly
Native extension for WindowsStandalone target not found
Refreshing native plugins compatible for Editor in 0.28 ms, found 0 plugins.
Preloading 0 native plugins for Editor in 0.00 ms.
Invoked RoslynAnalysisRunner static constructor.
RoslynAnalysisRunner will not be running.
RoslynAnalysisRunner has terminated.
Mono: successfully reloaded assembly
- Completed reload, in  1.186 seconds
Platform modules already initialized, skipping
Refreshing native plugins compatible for Editor in 0.36 ms, found 0 plugins.
Preloading 0 native plugins for Editor in 0.00 ms.
Unloading 1104 Unused Serialized files (Serialized files now loaded: 0)
System memory in use before: 63.5 MB.
System memory in use after: 63.0 MB.

Unloading 18 unused Assets to reduce memory usage. Loaded Objects now: 1623.
Total: 2.490000 ms (FindLiveObjects: 0.226400 ms CreateObjectMapping: 0.056600 ms MarkObjects: 1.682600 ms  DeleteObjects: 0.522000 ms)

========================================================================
Received Prepare
Registering precompiled user dll's ...
Registered in 0.001462 seconds.
Begin MonoManager ReloadAssembly
Native extension for WindowsStandalone target not found
Refreshing native plugins compatible for Editor in 0.26 ms, found 0 plugins.
Preloading 0 native plugins for Editor in 0.00 ms.
Invoked RoslynAnalysisRunner static constructor.
RoslynAnalysisRunner will not be running.
RoslynAnalysisRunner has terminated.
Mono: successfully reloaded assembly
- Completed reload, in  1.172 seconds
Platform modules already initialized, skipping
Refreshing native plugins compatible for Editor in 0.43 ms, found 0 plugins.
Preloading 0 native plugins for Editor in 0.00 ms.
Unloading 1104 Unused Serialized files (Serialized files now loaded: 0)
System memory in use before: 62.6 MB.
System memory in use after: 62.1 MB.

Unloading 18 unused Assets to reduce memory usage. Loaded Objects now: 1625.
Total: 2.672600 ms (FindLiveObjects: 0.312000 ms CreateObjectMapping: 0.194800 ms MarkObjects: 1.776300 ms  DeleteObjects: 0.387600 ms)

========================================================================
Received Prepare
Registering precompiled user dll's ...
Registered in 0.001437 seconds.
Begin MonoManager ReloadAssembly
Native extension for WindowsStandalone target not found
Refreshing native plugins compatible for Editor in 0.27 ms, found 0 plugins.
Preloading 0 native plugins for Editor in 0.00 ms.
Invoked RoslynAnalysisRunner static constructor.
RoslynAnalysisRunner will not be running.
RoslynAnalysisRunner has terminated.
Mono: successfully reloaded assembly
- Completed reload, in  1.099 seconds
Platform modules already initialized, skipping
Refreshing native plugins compatible for Editor in 0.30 ms, found 0 plugins.
Preloading 0 native plugins for Editor in 0.00 ms.
Unloading 1104 Unused Serialized files (Serialized files now loaded: 0)
System memory in use before: 62.8 MB.
System memory in use after: 62.3 MB.

Unloading 18 unused Assets to reduce memory usage. Loaded Objects now: 1627.
Total: 2.577600 ms (FindLiveObjects: 0.199800 ms CreateObjectMapping: 0.095400 ms MarkObjects: 1.828800 ms  DeleteObjects: 0.451800 ms)

========================================================================
Received Import Request.
  Time since last request: 2235.935249 seconds.
  path: Assets/Scripts/Flipper.cs
  artifactKey: Guid(236b1f02337adad4fb291292a9685ee0) Importer(815301076,1909f56bfc062723c751e8b465ee728b)
Start importing Assets/Scripts/Flipper.cs using Guid(236b1f02337adad4fb291292a9685ee0) Importer(815301076,1909f56bfc062723c751e8b465ee728b)  -> (artifact id: 'b7b429fa2e098117bf012acdc6b31eef') in 0.010427 seconds
  Import took 0.014841 seconds .

========================================================================
Received Prepare
Registering precompiled user dll's ...
Registered in 0.001439 seconds.
Begin MonoManager ReloadAssembly
Native extension for WindowsStandalone target not found
Refreshing native plugins compatible for Editor in 0.27 ms, found 0 plugins.
Preloading 0 native plugins for Editor in 0.00 ms.
Invoked RoslynAnalysisRunner static constructor.
RoslynAnalysisRunner will not be running.
RoslynAnalysisRunner has terminated.
Mono: successfully reloaded assembly
- Completed reload, in  1.213 seconds
Platform modules already initialized, skipping
Refreshing native plugins compatible for Editor in 0.40 ms, found 0 plugins.
Preloading 0 native plugins for Editor in 0.00 ms.
Unloading 1105 Unused Serialized files (Serialized files now loaded: 0)
System memory in use before: 62.9 MB.
System memory in use after: 62.4 MB.

Unloading 18 unused Assets to reduce memory usage. Loaded Objects now: 1630.
Total: 2.622300 ms (FindLiveObjects: 0.236400 ms CreateObjectMapping: 0.122000 ms MarkObjects: 1.874400 ms  DeleteObjects: 0.388000 ms)

========================================================================
Received Prepare
Registering precompiled user dll's ...
Registered in 0.001509 seconds.
Begin MonoManager ReloadAssembly
Native extension for WindowsStandalone target not found
Refreshing native plugins compatible for Editor in 0.26 ms, found 0 plugins.
Preloading 0 native plugins for Editor in 0.00 ms.
Invoked RoslynAnalysisRunner static constructor.
RoslynAnalysisRunner will not be running.
RoslynAnalysisRunner has terminated.
Mono: successfully reloaded assembly
- Completed reload, in  1.122 seconds
Platform modules already initialized, skipping
Refreshing native plugins compatible for Editor in 0.25 ms, found 0 plugins.
Preloading 0 native plugins for Editor in 0.00 ms.
Unloading 1105 Unused Serialized files (Serialized files now loaded: 0)
System memory in use before: 63.1 MB.
System memory in use after: 62.6 MB.

Unloading 18 unused Assets to reduce memory usage. Loaded Objects now: 1632.
Total: 2.676900 ms (FindLiveObjects: 0.251300 ms CreateObjectMapping: 0.080100 ms MarkObjects: 1.952400 ms  DeleteObjects: 0.391800 ms)

AssetImportWorkerClient::OnTransportError - code=2 error=End of file
